2026-06-24 08:45:49 | INFO     | src.data_cleaner | DataCleaner initialised — shape: (5, 7)
2026-06-24 08:45:49 | INFO     | src.data_cleaner | [duplicates] Removed 1 exact duplicate rows. Rows remaining: 4
2026-06-24 08:45:49 | INFO     | src.data_cleaner | DataCleaner initialised — shape: (3, 2)
2026-06-24 08:45:49 | INFO     | src.data_cleaner | [duplicates] Removed 0 exact duplicate rows. Rows remaining: 3
2026-06-24 08:45:49 | INFO     | src.data_cleaner | DataCleaner initialised — shape: (5, 7)
2026-06-24 08:45:49 | INFO     | src.data_cleaner | [duplicates] Removed 1 exact duplicate rows. Rows remaining: 4
2026-06-24 08:45:49 | INFO     | src.data_cleaner | [data_types] No type corrections needed.
2026-06-24 08:45:49 | INFO     | src.data_cleaner | DataCleaner initialised — shape: (5, 7)
2026-06-24 08:45:49 | INFO     | src.data_cleaner | Starting full cleaning pipeline...
2026-06-24 08:45:49 | INFO     | src.data_cleaner | [duplicates] Removed 1 exact duplicate rows. Rows remaining: 4
2026-06-24 08:45:49 | INFO     | src.data_cleaner | [data_types] No type corrections needed.
2026-06-24 08:45:49 | INFO     | src.data_cleaner | [missing_values] Missing: 2 → 0. 'category': 1 (25.0%) filled with mode='Electronics' | 'quantity': 1 (25.0%) filled with median=2.0000
2026-06-24 08:45:49 | INFO     | src.data_cleaner | [normalise_text] Cleaned 4 text columns: ['product', 'category', 'order_date', 'status']
2026-06-24 08:45:49 | INFO     | src.data_cleaner | [outliers] No outliers detected.
2026-06-24 08:45:49 | WARNING  | src.data_cleaner | Date feature extraction failed: Can only use .dt accessor with datetimelike values
2026-06-24 08:45:49 | INFO     | src.data_cleaner | [feature_engineering] Added 3 columns: total_revenue = quantity × unit_price | avg_unit_value = total_revenue ÷ quantity | is_completed (binary flag)
2026-06-24 08:45:49 | INFO     | src.data_cleaner | Cleaning complete. Final shape: (4, 10)
2026-06-24 08:45:49 | INFO     | src.data_cleaner | DataCleaner initialised — shape: (5, 7)
2026-06-24 08:45:49 | INFO     | src.data_cleaner | [duplicates] Removed 1 exact duplicate rows. Rows remaining: 4
2026-06-24 08:45:49 | INFO     | src.data_cleaner | [data_types] No type corrections needed.
2026-06-24 08:45:49 | INFO     | src.data_cleaner | [missing_values] Missing: 2 → 0. 'category': 1 (25.0%) filled with mode='Electronics' | 'quantity': 1 (25.0%) filled with median=2.0000
2026-06-24 08:45:49 | INFO     | src.data_cleaner | DataCleaner initialised — shape: (5, 7)
2026-06-24 08:45:49 | INFO     | src.data_cleaner | [duplicates] Removed 1 exact duplicate rows. Rows remaining: 4
2026-06-24 08:45:49 | INFO     | src.data_cleaner | [data_types] No type corrections needed.
2026-06-24 08:45:49 | INFO     | src.data_cleaner | [missing_values] Missing: 2 → 0. 'category': 1 (25.0%) filled with mode='Electronics' | 'quantity': 1 (25.0%) filled with median=2.0000
2026-06-24 08:45:49 | INFO     | src.data_cleaner | DataCleaner initialised — shape: (5, 7)
2026-06-24 08:45:49 | INFO     | src.data_cleaner | Starting full cleaning pipeline...
2026-06-24 08:45:49 | INFO     | src.data_cleaner | [duplicates] Removed 1 exact duplicate rows. Rows remaining: 4
2026-06-24 08:45:49 | INFO     | src.data_cleaner | [data_types] No type corrections needed.
2026-06-24 08:45:49 | INFO     | src.data_cleaner | [missing_values] Missing: 2 → 0. 'category': 1 (25.0%) filled with mode='Electronics' | 'quantity': 1 (25.0%) filled with median=2.0000
2026-06-24 08:45:49 | INFO     | src.data_cleaner | [normalise_text] Cleaned 4 text columns: ['product', 'category', 'order_date', 'status']
2026-06-24 08:45:49 | INFO     | src.data_cleaner | [outliers] No outliers detected.
2026-06-24 08:45:49 | WARNING  | src.data_cleaner | Date feature extraction failed: Can only use .dt accessor with datetimelike values
2026-06-24 08:45:49 | INFO     | src.data_cleaner | [feature_engineering] Added 3 columns: total_revenue = quantity × unit_price | avg_unit_value = total_revenue ÷ quantity | is_completed (binary flag)
2026-06-24 08:45:49 | INFO     | src.data_cleaner | Cleaning complete. Final shape: (4, 10)
2026-06-24 08:45:49 | INFO     | src.data_cleaner | DataCleaner initialised — shape: (5, 1)
2026-06-24 08:45:49 | INFO     | src.data_cleaner | [outliers] Total outliers capped: 1. 'price': 1 outliers capped → [85.00, 125.00]
2026-06-24 08:45:49 | INFO     | src.data_cleaner | DataCleaner initialised — shape: (5, 7)
2026-06-24 08:45:49 | INFO     | src.data_cleaner | Starting full cleaning pipeline...
2026-06-24 08:45:49 | INFO     | src.data_cleaner | [duplicates] Removed 1 exact duplicate rows. Rows remaining: 4
2026-06-24 08:45:49 | INFO     | src.data_cleaner | [data_types] No type corrections needed.
2026-06-24 08:45:49 | INFO     | src.data_cleaner | [missing_values] Missing: 2 → 0. 'category': 1 (25.0%) filled with mode='Electronics' | 'quantity': 1 (25.0%) filled with median=2.0000
2026-06-24 08:45:49 | INFO     | src.data_cleaner | [normalise_text] Cleaned 4 text columns: ['product', 'category', 'order_date', 'status']
2026-06-24 08:45:49 | INFO     | src.data_cleaner | [outliers] No outliers detected.
2026-06-24 08:45:49 | WARNING  | src.data_cleaner | Date feature extraction failed: Can only use .dt accessor with datetimelike values
2026-06-24 08:45:49 | INFO     | src.data_cleaner | [feature_engineering] Added 3 columns: total_revenue = quantity × unit_price | avg_unit_value = total_revenue ÷ quantity | is_completed (binary flag)
2026-06-24 08:45:49 | INFO     | src.data_cleaner | Cleaning complete. Final shape: (4, 10)
2026-06-24 08:45:49 | INFO     | src.data_cleaner | DataCleaner initialised — shape: (5, 7)
2026-06-24 08:45:49 | INFO     | src.data_cleaner | Starting full cleaning pipeline...
2026-06-24 08:45:49 | INFO     | src.data_cleaner | [duplicates] Removed 1 exact duplicate rows. Rows remaining: 4
2026-06-24 08:45:49 | INFO     | src.data_cleaner | [data_types] No type corrections needed.
2026-06-24 08:45:49 | INFO     | src.data_cleaner | [missing_values] Missing: 2 → 0. 'category': 1 (25.0%) filled with mode='Electronics' | 'quantity': 1 (25.0%) filled with median=2.0000
2026-06-24 08:45:49 | INFO     | src.data_cleaner | [normalise_text] Cleaned 4 text columns: ['product', 'category', 'order_date', 'status']
2026-06-24 08:45:49 | INFO     | src.data_cleaner | [outliers] No outliers detected.
2026-06-24 08:45:49 | WARNING  | src.data_cleaner | Date feature extraction failed: Can only use .dt accessor with datetimelike values
2026-06-24 08:45:49 | INFO     | src.data_cleaner | [feature_engineering] Added 3 columns: total_revenue = quantity × unit_price | avg_unit_value = total_revenue ÷ quantity | is_completed (binary flag)
2026-06-24 08:45:49 | INFO     | src.data_cleaner | Cleaning complete. Final shape: (4, 10)
2026-06-24 08:45:49 | INFO     | src.data_cleaner | DataCleaner initialised — shape: (5, 7)
2026-06-24 08:45:49 | INFO     | src.data_cleaner | Starting full cleaning pipeline...
2026-06-24 08:45:49 | INFO     | src.data_cleaner | [duplicates] Removed 1 exact duplicate rows. Rows remaining: 4
2026-06-24 08:45:49 | INFO     | src.data_cleaner | [data_types] No type corrections needed.
2026-06-24 08:45:49 | INFO     | src.data_cleaner | [missing_values] Missing: 2 → 0. 'category': 1 (25.0%) filled with mode='Electronics' | 'quantity': 1 (25.0%) filled with median=2.0000
2026-06-24 08:45:49 | INFO     | src.data_cleaner | [normalise_text] Cleaned 4 text columns: ['product', 'category', 'order_date', 'status']
2026-06-24 08:45:49 | INFO     | src.data_cleaner | [outliers] No outliers detected.
2026-06-24 08:45:49 | WARNING  | src.data_cleaner | Date feature extraction failed: Can only use .dt accessor with datetimelike values
2026-06-24 08:45:49 | INFO     | src.data_cleaner | [feature_engineering] Added 3 columns: total_revenue = quantity × unit_price | avg_unit_value = total_revenue ÷ quantity | is_completed (binary flag)
2026-06-24 08:45:49 | INFO     | src.data_cleaner | Cleaning complete. Final shape: (4, 10)
2026-06-24 08:45:49 | INFO     | src.data_cleaner | DataCleaner initialised — shape: (5, 7)
2026-06-24 08:45:49 | INFO     | src.data_cleaner | Starting full cleaning pipeline...
2026-06-24 08:45:49 | INFO     | src.data_cleaner | [duplicates] Removed 1 exact duplicate rows. Rows remaining: 4
2026-06-24 08:45:49 | INFO     | src.data_cleaner | [data_types] No type corrections needed.
2026-06-24 08:45:49 | INFO     | src.data_cleaner | [missing_values] Missing: 2 → 0. 'category': 1 (25.0%) filled with mode='Electronics' | 'quantity': 1 (25.0%) filled with median=2.0000
2026-06-24 08:45:49 | INFO     | src.data_cleaner | [normalise_text] Cleaned 4 text columns: ['product', 'category', 'order_date', 'status']
2026-06-24 08:45:49 | INFO     | src.data_cleaner | [outliers] No outliers detected.
2026-06-24 08:45:49 | WARNING  | src.data_cleaner | Date feature extraction failed: Can only use .dt accessor with datetimelike values
2026-06-24 08:45:49 | INFO     | src.data_cleaner | [feature_engineering] Added 3 columns: total_revenue = quantity × unit_price | avg_unit_value = total_revenue ÷ quantity | is_completed (binary flag)
2026-06-24 08:45:49 | INFO     | src.data_cleaner | Cleaning complete. Final shape: (4, 10)
2026-06-24 08:45:49 | INFO     | src.data_cleaner | DataCleaner initialised — shape: (5, 7)
2026-06-24 08:45:49 | INFO     | src.data_cleaner | Starting full cleaning pipeline...
2026-06-24 08:45:49 | INFO     | src.data_cleaner | [duplicates] Removed 1 exact duplicate rows. Rows remaining: 4
2026-06-24 08:45:49 | INFO     | src.data_cleaner | [data_types] No type corrections needed.
2026-06-24 08:45:49 | INFO     | src.data_cleaner | [missing_values] Missing: 2 → 0. 'category': 1 (25.0%) filled with mode='Electronics' | 'quantity': 1 (25.0%) filled with median=2.0000
2026-06-24 08:45:49 | INFO     | src.data_cleaner | [normalise_text] Cleaned 4 text columns: ['product', 'category', 'order_date', 'status']
2026-06-24 08:45:49 | INFO     | src.data_cleaner | [outliers] No outliers detected.
2026-06-24 08:45:49 | WARNING  | src.data_cleaner | Date feature extraction failed: Can only use .dt accessor with datetimelike values
2026-06-24 08:45:49 | INFO     | src.data_cleaner | [feature_engineering] Added 3 columns: total_revenue = quantity × unit_price | avg_unit_value = total_revenue ÷ quantity | is_completed (binary flag)
2026-06-24 08:45:49 | INFO     | src.data_cleaner | Cleaning complete. Final shape: (4, 10)
2026-06-24 08:45:49 | INFO     | src.data_cleaner | DataCleaner initialised — shape: (5, 7)
2026-06-24 08:45:49 | INFO     | src.data_cleaner | Starting full cleaning pipeline...
2026-06-24 08:45:49 | INFO     | src.data_cleaner | [duplicates] Removed 1 exact duplicate rows. Rows remaining: 4
2026-06-24 08:45:49 | INFO     | src.data_cleaner | [data_types] No type corrections needed.
2026-06-24 08:45:49 | INFO     | src.data_cleaner | [missing_values] Missing: 2 → 0. 'category': 1 (25.0%) filled with mode='Electronics' | 'quantity': 1 (25.0%) filled with median=2.0000
2026-06-24 08:45:49 | INFO     | src.data_cleaner | [normalise_text] Cleaned 4 text columns: ['product', 'category', 'order_date', 'status']
2026-06-24 08:45:49 | INFO     | src.data_cleaner | [outliers] No outliers detected.
2026-06-24 08:45:49 | WARNING  | src.data_cleaner | Date feature extraction failed: Can only use .dt accessor with datetimelike values
2026-06-24 08:45:49 | INFO     | src.data_cleaner | [feature_engineering] Added 3 columns: total_revenue = quantity × unit_price | avg_unit_value = total_revenue ÷ quantity | is_completed (binary flag)
2026-06-24 08:45:49 | INFO     | src.data_cleaner | Cleaning complete. Final shape: (4, 10)
2026-06-24 08:46:19 | INFO     | src.data_cleaner | DataCleaner initialised — shape: (5, 7)
2026-06-24 08:46:19 | INFO     | src.data_cleaner | [duplicates] Removed 1 exact duplicate rows. Rows remaining: 4
2026-06-24 08:46:19 | INFO     | src.data_cleaner | DataCleaner initialised — shape: (3, 2)
2026-06-24 08:46:19 | INFO     | src.data_cleaner | [duplicates] Removed 0 exact duplicate rows. Rows remaining: 3
2026-06-24 08:46:19 | INFO     | src.data_cleaner | DataCleaner initialised — shape: (5, 7)
2026-06-24 08:46:19 | INFO     | src.data_cleaner | [duplicates] Removed 1 exact duplicate rows. Rows remaining: 4
2026-06-24 08:46:19 | INFO     | src.data_cleaner | [data_types] Type corrections: 'order_date' → datetime (success rate 100%)
2026-06-24 08:46:19 | INFO     | src.data_cleaner | DataCleaner initialised — shape: (5, 7)
2026-06-24 08:46:19 | INFO     | src.data_cleaner | Starting full cleaning pipeline...
2026-06-24 08:46:19 | INFO     | src.data_cleaner | [duplicates] Removed 1 exact duplicate rows. Rows remaining: 4
2026-06-24 08:46:19 | INFO     | src.data_cleaner | [data_types] Type corrections: 'order_date' → datetime (success rate 100%)
2026-06-24 08:46:19 | INFO     | src.data_cleaner | [missing_values] Missing: 2 → 0. 'category': 1 (25.0%) filled with mode='Electronics' | 'quantity': 1 (25.0%) filled with median=2.0000
2026-06-24 08:46:19 | INFO     | src.data_cleaner | [normalise_text] Cleaned 3 text columns: ['product', 'category', 'status']
2026-06-24 08:46:19 | INFO     | src.data_cleaner | [outliers] No outliers detected.
2026-06-24 08:46:19 | INFO     | src.data_cleaner | [feature_engineering] Added 4 columns: total_revenue = quantity × unit_price | avg_unit_value = total_revenue ÷ quantity | order_month, order_quarter, order_dayofweek from order_date | is_completed (binary flag)
2026-06-24 08:46:19 | INFO     | src.data_cleaner | Cleaning complete. Final shape: (4, 13)
2026-06-24 08:46:19 | INFO     | src.data_cleaner | DataCleaner initialised — shape: (5, 7)
2026-06-24 08:46:19 | INFO     | src.data_cleaner | [duplicates] Removed 1 exact duplicate rows. Rows remaining: 4
2026-06-24 08:46:19 | INFO     | src.data_cleaner | [data_types] Type corrections: 'order_date' → datetime (success rate 100%)
2026-06-24 08:46:19 | INFO     | src.data_cleaner | [missing_values] Missing: 2 → 0. 'category': 1 (25.0%) filled with mode='Electronics' | 'quantity': 1 (25.0%) filled with median=2.0000
2026-06-24 08:46:19 | INFO     | src.data_cleaner | DataCleaner initialised — shape: (5, 7)
2026-06-24 08:46:19 | INFO     | src.data_cleaner | [duplicates] Removed 1 exact duplicate rows. Rows remaining: 4
2026-06-24 08:46:19 | INFO     | src.data_cleaner | [data_types] Type corrections: 'order_date' → datetime (success rate 100%)
2026-06-24 08:46:19 | INFO     | src.data_cleaner | [missing_values] Missing: 2 → 0. 'category': 1 (25.0%) filled with mode='Electronics' | 'quantity': 1 (25.0%) filled with median=2.0000
2026-06-24 08:46:19 | INFO     | src.data_cleaner | DataCleaner initialised — shape: (5, 7)
2026-06-24 08:46:19 | INFO     | src.data_cleaner | Starting full cleaning pipeline...
2026-06-24 08:46:19 | INFO     | src.data_cleaner | [duplicates] Removed 1 exact duplicate rows. Rows remaining: 4
2026-06-24 08:46:19 | INFO     | src.data_cleaner | [data_types] Type corrections: 'order_date' → datetime (success rate 100%)
2026-06-24 08:46:19 | INFO     | src.data_cleaner | [missing_values] Missing: 2 → 0. 'category': 1 (25.0%) filled with mode='Electronics' | 'quantity': 1 (25.0%) filled with median=2.0000
2026-06-24 08:46:19 | INFO     | src.data_cleaner | [normalise_text] Cleaned 3 text columns: ['product', 'category', 'status']
2026-06-24 08:46:19 | INFO     | src.data_cleaner | [outliers] No outliers detected.
2026-06-24 08:46:19 | INFO     | src.data_cleaner | [feature_engineering] Added 4 columns: total_revenue = quantity × unit_price | avg_unit_value = total_revenue ÷ quantity | order_month, order_quarter, order_dayofweek from order_date | is_completed (binary flag)
2026-06-24 08:46:19 | INFO     | src.data_cleaner | Cleaning complete. Final shape: (4, 13)
2026-06-24 08:46:19 | INFO     | src.data_cleaner | DataCleaner initialised — shape: (5, 1)
2026-06-24 08:46:19 | INFO     | src.data_cleaner | [outliers] Total outliers capped: 1. 'price': 1 outliers capped → [85.00, 125.00]
2026-06-24 08:46:19 | INFO     | src.data_cleaner | DataCleaner initialised — shape: (5, 7)
2026-06-24 08:46:19 | INFO     | src.data_cleaner | Starting full cleaning pipeline...
2026-06-24 08:46:19 | INFO     | src.data_cleaner | [duplicates] Removed 1 exact duplicate rows. Rows remaining: 4
2026-06-24 08:46:19 | INFO     | src.data_cleaner | [data_types] Type corrections: 'order_date' → datetime (success rate 100%)
2026-06-24 08:46:19 | INFO     | src.data_cleaner | [missing_values] Missing: 2 → 0. 'category': 1 (25.0%) filled with mode='Electronics' | 'quantity': 1 (25.0%) filled with median=2.0000
2026-06-24 08:46:19 | INFO     | src.data_cleaner | [normalise_text] Cleaned 3 text columns: ['product', 'category', 'status']
2026-06-24 08:46:19 | INFO     | src.data_cleaner | [outliers] No outliers detected.
2026-06-24 08:46:19 | INFO     | src.data_cleaner | [feature_engineering] Added 4 columns: total_revenue = quantity × unit_price | avg_unit_value = total_revenue ÷ quantity | order_month, order_quarter, order_dayofweek from order_date | is_completed (binary flag)
2026-06-24 08:46:19 | INFO     | src.data_cleaner | Cleaning complete. Final shape: (4, 13)
2026-06-24 08:46:19 | INFO     | src.data_cleaner | DataCleaner initialised — shape: (5, 7)
2026-06-24 08:46:19 | INFO     | src.data_cleaner | Starting full cleaning pipeline...
2026-06-24 08:46:19 | INFO     | src.data_cleaner | [duplicates] Removed 1 exact duplicate rows. Rows remaining: 4
2026-06-24 08:46:19 | INFO     | src.data_cleaner | [data_types] Type corrections: 'order_date' → datetime (success rate 100%)
2026-06-24 08:46:19 | INFO     | src.data_cleaner | [missing_values] Missing: 2 → 0. 'category': 1 (25.0%) filled with mode='Electronics' | 'quantity': 1 (25.0%) filled with median=2.0000
2026-06-24 08:46:19 | INFO     | src.data_cleaner | [normalise_text] Cleaned 3 text columns: ['product', 'category', 'status']
2026-06-24 08:46:19 | INFO     | src.data_cleaner | [outliers] No outliers detected.
2026-06-24 08:46:19 | INFO     | src.data_cleaner | [feature_engineering] Added 4 columns: total_revenue = quantity × unit_price | avg_unit_value = total_revenue ÷ quantity | order_month, order_quarter, order_dayofweek from order_date | is_completed (binary flag)
2026-06-24 08:46:19 | INFO     | src.data_cleaner | Cleaning complete. Final shape: (4, 13)
2026-06-24 08:46:19 | INFO     | src.data_cleaner | DataCleaner initialised — shape: (5, 7)
2026-06-24 08:46:19 | INFO     | src.data_cleaner | Starting full cleaning pipeline...
2026-06-24 08:46:19 | INFO     | src.data_cleaner | [duplicates] Removed 1 exact duplicate rows. Rows remaining: 4
2026-06-24 08:46:19 | INFO     | src.data_cleaner | [data_types] Type corrections: 'order_date' → datetime (success rate 100%)
2026-06-24 08:46:19 | INFO     | src.data_cleaner | [missing_values] Missing: 2 → 0. 'category': 1 (25.0%) filled with mode='Electronics' | 'quantity': 1 (25.0%) filled with median=2.0000
2026-06-24 08:46:19 | INFO     | src.data_cleaner | [normalise_text] Cleaned 3 text columns: ['product', 'category', 'status']
2026-06-24 08:46:19 | INFO     | src.data_cleaner | [outliers] No outliers detected.
2026-06-24 08:46:19 | INFO     | src.data_cleaner | [feature_engineering] Added 4 columns: total_revenue = quantity × unit_price | avg_unit_value = total_revenue ÷ quantity | order_month, order_quarter, order_dayofweek from order_date | is_completed (binary flag)
2026-06-24 08:46:19 | INFO     | src.data_cleaner | Cleaning complete. Final shape: (4, 13)
2026-06-24 08:46:19 | INFO     | src.data_cleaner | DataCleaner initialised — shape: (5, 7)
2026-06-24 08:46:19 | INFO     | src.data_cleaner | Starting full cleaning pipeline...
2026-06-24 08:46:19 | INFO     | src.data_cleaner | [duplicates] Removed 1 exact duplicate rows. Rows remaining: 4
2026-06-24 08:46:19 | INFO     | src.data_cleaner | [data_types] Type corrections: 'order_date' → datetime (success rate 100%)
2026-06-24 08:46:19 | INFO     | src.data_cleaner | [missing_values] Missing: 2 → 0. 'category': 1 (25.0%) filled with mode='Electronics' | 'quantity': 1 (25.0%) filled with median=2.0000
2026-06-24 08:46:19 | INFO     | src.data_cleaner | [normalise_text] Cleaned 3 text columns: ['product', 'category', 'status']
2026-06-24 08:46:19 | INFO     | src.data_cleaner | [outliers] No outliers detected.
2026-06-24 08:46:19 | INFO     | src.data_cleaner | [feature_engineering] Added 4 columns: total_revenue = quantity × unit_price | avg_unit_value = total_revenue ÷ quantity | order_month, order_quarter, order_dayofweek from order_date | is_completed (binary flag)
2026-06-24 08:46:19 | INFO     | src.data_cleaner | Cleaning complete. Final shape: (4, 13)
2026-06-24 08:46:19 | INFO     | src.data_cleaner | DataCleaner initialised — shape: (5, 7)
2026-06-24 08:46:19 | INFO     | src.data_cleaner | Starting full cleaning pipeline...
2026-06-24 08:46:19 | INFO     | src.data_cleaner | [duplicates] Removed 1 exact duplicate rows. Rows remaining: 4
2026-06-24 08:46:19 | INFO     | src.data_cleaner | [data_types] Type corrections: 'order_date' → datetime (success rate 100%)
2026-06-24 08:46:19 | INFO     | src.data_cleaner | [missing_values] Missing: 2 → 0. 'category': 1 (25.0%) filled with mode='Electronics' | 'quantity': 1 (25.0%) filled with median=2.0000
2026-06-24 08:46:19 | INFO     | src.data_cleaner | [normalise_text] Cleaned 3 text columns: ['product', 'category', 'status']
2026-06-24 08:46:19 | INFO     | src.data_cleaner | [outliers] No outliers detected.
2026-06-24 08:46:19 | INFO     | src.data_cleaner | [feature_engineering] Added 4 columns: total_revenue = quantity × unit_price | avg_unit_value = total_revenue ÷ quantity | order_month, order_quarter, order_dayofweek from order_date | is_completed (binary flag)
2026-06-24 08:46:19 | INFO     | src.data_cleaner | Cleaning complete. Final shape: (4, 13)
2026-06-24 08:46:19 | INFO     | src.data_cleaner | DataCleaner initialised — shape: (5, 7)
2026-06-24 08:46:19 | INFO     | src.data_cleaner | Starting full cleaning pipeline...
2026-06-24 08:46:19 | INFO     | src.data_cleaner | [duplicates] Removed 1 exact duplicate rows. Rows remaining: 4
2026-06-24 08:46:19 | INFO     | src.data_cleaner | [data_types] Type corrections: 'order_date' → datetime (success rate 100%)
2026-06-24 08:46:19 | INFO     | src.data_cleaner | [missing_values] Missing: 2 → 0. 'category': 1 (25.0%) filled with mode='Electronics' | 'quantity': 1 (25.0%) filled with median=2.0000
2026-06-24 08:46:19 | INFO     | src.data_cleaner | [normalise_text] Cleaned 3 text columns: ['product', 'category', 'status']
2026-06-24 08:46:19 | INFO     | src.data_cleaner | [outliers] No outliers detected.
2026-06-24 08:46:19 | INFO     | src.data_cleaner | [feature_engineering] Added 4 columns: total_revenue = quantity × unit_price | avg_unit_value = total_revenue ÷ quantity | order_month, order_quarter, order_dayofweek from order_date | is_completed (binary flag)
2026-06-24 08:46:19 | INFO     | src.data_cleaner | Cleaning complete. Final shape: (4, 13)
2026-06-24 08:46:24 | ERROR    | main | Input file not found: sample_data.csv
2026-06-24 08:46:50 | INFO     | main | Loaded 'sample_data.csv' — 30 rows × 10 columns
2026-06-24 08:46:50 | INFO     | src.data_cleaner | DataCleaner initialised — shape: (30, 10)
2026-06-24 08:46:50 | INFO     | src.data_cleaner | Starting full cleaning pipeline...
2026-06-24 08:46:50 | INFO     | src.data_cleaner | [duplicates] Removed 0 exact duplicate rows. Rows remaining: 30
2026-06-24 08:46:50 | INFO     | src.data_cleaner | [data_types] Type corrections: 'order_date' → datetime (success rate 100%)
2026-06-24 08:46:50 | INFO     | src.data_cleaner | [missing_values] Missing: 3 → 0. 'product': 1 (3.3%) filled with mode='Laptop' | 'quantity': 1 (3.3%) filled with median=2.0000 | 'unit_price': 1 (3.3%) filled with median=8500.0000
2026-06-24 08:46:50 | INFO     | src.data_cleaner | [normalise_text] Cleaned 6 text columns: ['customer_name', 'product', 'category', 'region', 'sales_rep', 'status']
2026-06-24 08:46:50 | INFO     | src.data_cleaner | [outliers] Total outliers capped: 3. 'unit_price': 3 outliers capped → [-26500.00, 53500.00]
2026-06-24 08:46:50 | INFO     | src.data_cleaner | [feature_engineering] Added 4 columns: total_revenue = quantity × unit_price | avg_unit_value = total_revenue ÷ quantity | order_month, order_quarter, order_dayofweek from order_date | is_completed (binary flag)
2026-06-24 08:46:50 | INFO     | src.data_cleaner | Cleaning complete. Final shape: (30, 16)
2026-06-24 08:46:50 | INFO     | main | Saved → report/cleaning_report.json
2026-06-24 08:46:50 | INFO     | src.eda | EDAEngine initialised — 30 rows × 16 cols
2026-06-24 08:46:50 | INFO     | src.eda | Running full EDA suite...
2026-06-24 08:46:50 | INFO     | src.eda | Descriptive stats computed for 16 columns
2026-06-24 08:46:51 | INFO     | src.eda | Revenue analysis complete — total: ₹722550.0
2026-06-24 08:46:51 | INFO     | src.eda | Order status analysis done: {'Completed': 25, 'Pending': 3, 'Cancelled': 2}
2026-06-24 08:46:51 | INFO     | src.eda | Correlation matrix computed. High-corr pairs (≥0.7): 3
2026-06-24 08:46:51 | INFO     | src.eda | EDA complete — 8 analysis blocks generated.
2026-06-24 08:46:51 | INFO     | src.eda | EDA stats saved → report/summary_stats.json
2026-06-24 08:46:51 | INFO     | src.visualiser | Visualiser initialised.
2026-06-24 08:46:51 | INFO     | src.visualiser | Saved chart → report/dashboard.png
